<?xml version="1.0" encoding="UTF-8"?>
<!-- Generated by org.testng.reporters.JUnitReportReporter -->
<testsuite hostname="DESKTOP-9OOOF17" failures="1" tests="3" name="tests.loginPage" time="89.733" errors="0" timestamp="2022-12-04T17:42:19 IST" skipped="0">
  <testcase classname="tests.loginPage" name="validateLoginTittle" time="1.328"/>
  <system-out/>
  <testcase classname="tests.loginPage" name="validateAllLinksTittle" time="72.884">
    <failure message="Links text validation failed: Lists differ at element [2]: OrangeHRM - World&#039;s Most Popular Opensource HRIS | Secaucus NJ != OrangeHRM - World&#039;s Most Popular Opensource HRIS | Secaucus NJ | Facebook expected [OrangeHRM - World&#039;s Most Popular Opensource HRIS | Secaucus NJ] but found [OrangeHRM - World&#039;s Most Popular Opensource HRIS | Secaucus NJ | Facebook]" type="java.lang.AssertionError">
      <![CDATA[java.lang.AssertionError: Links text validation failed: Lists differ at element [2]: OrangeHRM - World's Most Popular Opensource HRIS | Secaucus NJ != OrangeHRM - World's Most Popular Opensource HRIS | Secaucus NJ | Facebook expected [OrangeHRM - World's Most Popular Opensource HRIS | Secaucus NJ] but found [OrangeHRM - World's Most Popular Opensource HRIS | Secaucus NJ | Facebook]
at org.testng.Assert.fail(Assert.java:99)
at org.testng.Assert.failNotEquals(Assert.java:1037)
at org.testng.Assert.assertEqualsImpl(Assert.java:140)
at org.testng.Assert.assertEquals(Assert.java:1103)
at tests.loginPage.validateAllLinksTittle(loginPage.java:78)
at java.base/jdk.internal.reflect.NativeMethodAccessorImpl.invoke0(Native Method)
at java.base/jdk.internal.reflect.NativeMethodAccessorImpl.invoke(NativeMethodAccessorImpl.java:77)
at java.base/jdk.internal.reflect.DelegatingMethodAccessorImpl.invoke(DelegatingMethodAccessorImpl.java:43)
at java.base/java.lang.reflect.Method.invoke(Method.java:568)
at org.testng.internal.MethodInvocationHelper.invokeMethod(MethodInvocationHelper.java:133)
at org.testng.internal.TestInvoker.invokeMethod(TestInvoker.java:598)
at org.testng.internal.TestInvoker.invokeTestMethod(TestInvoker.java:173)
at org.testng.internal.MethodRunner.runInSequence(MethodRunner.java:46)
at org.testng.internal.TestInvoker$MethodInvocationAgent.invoke(TestInvoker.java:824)
at org.testng.internal.TestInvoker.invokeTestMethods(TestInvoker.java:146)
at org.testng.internal.TestMethodWorker.invokeTestMethods(TestMethodWorker.java:146)
at org.testng.internal.TestMethodWorker.run(TestMethodWorker.java:128)
at java.base/java.util.ArrayList.forEach(ArrayList.java:1511)
at org.testng.TestRunner.privateRun(TestRunner.java:794)
at org.testng.TestRunner.run(TestRunner.java:596)
at org.testng.SuiteRunner.runTest(SuiteRunner.java:377)
at org.testng.SuiteRunner.access$000(SuiteRunner.java:28)
at org.testng.SuiteRunner$SuiteWorker.run(SuiteRunner.java:418)
at org.testng.internal.thread.ThreadUtil.lambda$execute$0(ThreadUtil.java:64)
at java.base/java.util.concurrent.FutureTask.run(FutureTask.java:264)
at java.base/java.util.concurrent.ThreadPoolExecutor.runWorker(ThreadPoolExecutor.java:1136)
at java.base/java.util.concurrent.ThreadPoolExecutor$Worker.run(ThreadPoolExecutor.java:635)
at java.base/java.lang.Thread.run(Thread.java:833)
]]>
    </failure>
  </testcase> <!-- validateAllLinksTittle -->
  <system-out/>
  <testcase classname="tests.loginPage" name="validateLogin" time="15.521"/>
  <system-out/>
</testsuite> <!-- tests.loginPage -->
