<?xml version="1.0" encoding="UTF-8"?>
<testng-results ignored="0" total="3" passed="2" failed="1" skipped="0">
  <reporter-output>
  </reporter-output>
  <suite started-at="2022-12-04T17:40:12 IST" name="Suite" finished-at="2022-12-04T17:42:15 IST" duration-ms="123301">
    <groups>
    </groups>
    <test started-at="2022-12-04T17:40:12 IST" name="Test" finished-at="2022-12-04T17:42:15 IST" duration-ms="123301">
      <class name="tests.loginPage">
        <test-method is-config="true" signature="initializer()[pri:0, instance:tests.loginPage@a3d9978]" started-at="2022-12-04T17:40:12 IST" name="initializer" finished-at="2022-12-04T17:40:32 IST" duration-ms="19616" status="PASS">
          <reporter-output>
          </reporter-output>
        </test-method> <!-- initializer -->
        <test-method signature="validateLoginTittle()[pri:1, instance:tests.loginPage@a3d9978]" started-at="2022-12-04T17:40:32 IST" name="validateLoginTittle" finished-at="2022-12-04T17:40:33 IST" duration-ms="1328" status="PASS">
          <reporter-output>
          </reporter-output>
        </test-method> <!-- validateLoginTittle -->
        <test-method signature="validateAllLinksTittle()[pri:2, instance:tests.loginPage@a3d9978]" started-at="2022-12-04T17:40:33 IST" name="validateAllLinksTittle" finished-at="2022-12-04T17:41:46 IST" duration-ms="72884" status="FAIL">
          <exception class="java.lang.AssertionError">
            <message>
              <![CDATA[Links text validation failed: Lists differ at element [2]: OrangeHRM - World's Most Popular Opensource HRIS | Secaucus NJ != OrangeHRM - World's Most Popular Opensource HRIS | Secaucus NJ | Facebook expected [OrangeHRM - World's Most Popular Opensource HRIS | Secaucus NJ] but found [OrangeHRM - World's Most Popular Opensource HRIS | Secaucus NJ | Facebook]]]>
            </message>
            <full-stacktrace>
              <![CDATA[java.lang.AssertionError: Links text validation failed: Lists differ at element [2]: OrangeHRM - World's Most Popular Opensource HRIS | Secaucus NJ != OrangeHRM - World's Most Popular Opensource HRIS | Secaucus NJ | Facebook expected [OrangeHRM - World's Most Popular Opensource HRIS | Secaucus NJ] but found [OrangeHRM - World's Most Popular Opensource HRIS | Secaucus NJ | Facebook]
at org.testng.Assert.fail(Assert.java:99)
at org.testng.Assert.failNotEquals(Assert.java:1037)
at org.testng.Assert.assertEqualsImpl(Assert.java:140)
at org.testng.Assert.assertEquals(Assert.java:1103)
at tests.loginPage.validateAllLinksTittle(loginPage.java:78)
at java.base/jdk.internal.reflect.NativeMethodAccessorImpl.invoke0(Native Method)
at java.base/jdk.internal.reflect.NativeMethodAccessorImpl.invoke(NativeMethodAccessorImpl.java:77)
at java.base/jdk.internal.reflect.DelegatingMethodAccessorImpl.invoke(DelegatingMethodAccessorImpl.java:43)
at java.base/java.lang.reflect.Method.invoke(Method.java:568)
at org.testng.internal.MethodInvocationHelper.invokeMethod(MethodInvocationHelper.java:133)
at org.testng.internal.TestInvoker.invokeMethod(TestInvoker.java:598)
at org.testng.internal.TestInvoker.invokeTestMethod(TestInvoker.java:173)
at org.testng.internal.MethodRunner.runInSequence(MethodRunner.java:46)
at org.testng.internal.TestInvoker$MethodInvocationAgent.invoke(TestInvoker.java:824)
at org.testng.internal.TestInvoker.invokeTestMethods(TestInvoker.java:146)
at org.testng.internal.TestMethodWorker.invokeTestMethods(TestMethodWorker.java:146)
at org.testng.internal.TestMethodWorker.run(TestMethodWorker.java:128)
at java.base/java.util.ArrayList.forEach(ArrayList.java:1511)
at org.testng.TestRunner.privateRun(TestRunner.java:794)
at org.testng.TestRunner.run(TestRunner.java:596)
at org.testng.SuiteRunner.runTest(SuiteRunner.java:377)
at org.testng.SuiteRunner.access$000(SuiteRunner.java:28)
at org.testng.SuiteRunner$SuiteWorker.run(SuiteRunner.java:418)
at org.testng.internal.thread.ThreadUtil.lambda$execute$0(ThreadUtil.java:64)
at java.base/java.util.concurrent.FutureTask.run(FutureTask.java:264)
at java.base/java.util.concurrent.ThreadPoolExecutor.runWorker(ThreadPoolExecutor.java:1136)
at java.base/java.util.concurrent.ThreadPoolExecutor$Worker.run(ThreadPoolExecutor.java:635)
at java.base/java.lang.Thread.run(Thread.java:833)
]]>
            </full-stacktrace>
          </exception> <!-- java.lang.AssertionError -->
          <reporter-output>
          </reporter-output>
        </test-method> <!-- validateAllLinksTittle -->
        <test-method signature="validateLogin()[pri:3, instance:tests.loginPage@a3d9978]" started-at="2022-12-04T17:41:49 IST" name="validateLogin" finished-at="2022-12-04T17:42:05 IST" duration-ms="15521" status="PASS">
          <reporter-output>
          </reporter-output>
        </test-method> <!-- validateLogin -->
        <test-method is-config="true" signature="teardown()[pri:0, instance:tests.loginPage@a3d9978]" started-at="2022-12-04T17:42:05 IST" name="teardown" finished-at="2022-12-04T17:42:15 IST" duration-ms="10813" status="PASS">
          <reporter-output>
          </reporter-output>
        </test-method> <!-- teardown -->
      </class> <!-- tests.loginPage -->
    </test> <!-- Test -->
  </suite> <!-- Suite -->
</testng-results>
